<?xml version="1.0" encoding="UTF-8"?>
<!-- Generated by org.testng.reporters.JUnitReportReporter -->
<testsuite hostname="TYSS" failures="0" tests="3" name="DataProviderAnnotation.MMTDataProvider" time="432.416" errors="0" timestamp="23 Feb 2021 08:31:50 GMT" skipped="0">
  <testcase classname="DataProviderAnnotation.MMTDataProvider" name="dataProviderTest" time="104.981"/>
  <testcase classname="DataProviderAnnotation.MMTDataProvider" name="dataProviderTest" time="165.319"/>
  <testcase classname="DataProviderAnnotation.MMTDataProvider" name="dataProviderTest" time="162.116"/>
</testsuite> <!-- DataProviderAnnotation.MMTDataProvider -->
