<?xml version="1.0" encoding="UTF-8"?>
<!-- Generated by org.testng.reporters.JUnitReportReporter -->
<testsuite hostname="DESKTOP-NCFL89A" failures="0" tests="3" name="DataProviderAnnotation.MMTDataProvider" time="165.925" errors="0" timestamp="22 Feb 2021 19:34:02 GMT" skipped="0">
  <testcase classname="DataProviderAnnotation.MMTDataProvider" name="dataProviderTest" time="50.257"/>
  <testcase classname="DataProviderAnnotation.MMTDataProvider" name="dataProviderTest" time="61.795"/>
  <testcase classname="DataProviderAnnotation.MMTDataProvider" name="dataProviderTest" time="53.873"/>
</testsuite> <!-- DataProviderAnnotation.MMTDataProvider -->
