<?xml version="1.0" encoding="UTF-8"?>
<!-- Generated by org.testng.reporters.JUnitReportReporter -->
<testsuite hostname="DESKTOP-NCFL89A" failures="0" tests="1" name="CalenderPOP.CurrentDate" time="17.755" errors="0" timestamp="22 Feb 2021 19:56:32 GMT" skipped="0">
  <testcase classname="CalenderPOP.CurrentDate" name="currentDate" time="17.755"/>
</testsuite> <!-- CalenderPOP.CurrentDate -->
