<?xml version="1.0" encoding="UTF-8"?>
<!-- Generated by org.testng.reporters.JUnitReportReporter -->
<testsuite hostname="DESKTOP-NCFL89A" failures="0" tests="3" name="CalenderPOP.Demo" time="0.015" errors="0" timestamp="22 Feb 2021 19:56:32 GMT" skipped="0">
  <testcase classname="CalenderPOP.Demo" name="fetch" time="0.006"/>
  <testcase classname="CalenderPOP.Demo" name="fetch" time="0.005"/>
  <testcase classname="CalenderPOP.Demo" name="fetch" time="0.004"/>
</testsuite> <!-- CalenderPOP.Demo -->
